<?xml version="1.0" encoding="UTF-8"?>
<testng-results ignored="0" total="1" passed="1" failed="0" skipped="0">
  <reporter-output>
  </reporter-output>
  <suite started-at="2024-06-23T21:54:18 EDT" name="Default suite" finished-at="2024-06-23T21:54:26 EDT" duration-ms="8547">
    <groups>
    </groups>
    <test started-at="2024-06-23T21:54:18 EDT" name="Default test" finished-at="2024-06-23T21:54:26 EDT" duration-ms="8547">
      <class name="com.itlearn.testcases.LLogintest">
        <test-method is-config="true" signature="setup()[pri:0, instance:com.itlearn.testcases.LLogintest@298a5e20]" started-at="2024-06-23T21:54:18 EDT" name="setup" finished-at="2024-06-23T21:54:26 EDT" duration-ms="8230" status="PASS">
          <reporter-output>
          </reporter-output>
        </test-method> <!-- setup -->
        <test-method signature="verify()[pri:0, instance:com.itlearn.testcases.LLogintest@298a5e20]" started-at="2024-06-23T21:54:26 EDT" name="verify" finished-at="2024-06-23T21:54:26 EDT" duration-ms="43" status="PASS">
          <reporter-output>
          </reporter-output>
        </test-method> <!-- verify -->
      </class> <!-- com.itlearn.testcases.LLogintest -->
    </test> <!-- Default test -->
  </suite> <!-- Default suite -->
</testng-results>
